android/app/build/intermediates/manifest_merge_blame_file/stagingRelease/processStagingReleaseMainManifest/manifest-merger-blame-staging-release-report.txt
1<?xml version="1.0" encoding="utf-8"?>
2<manifest xmlns:android="http://schemas.android.com/apk/res/android"
3    package="com.digitalsignage.player.staging"
4    android:versionCode="1"
5    android:versionName="1.0-staging" >
6
7    <uses-sdk
8        android:minSdkVersion="28"
9        android:targetSdkVersion="34" />
10
11    <uses-permission android:name="android.permission.INTERNET" />
11-->src\main\AndroidManifest.xml:5:5-67
11-->src\main\AndroidManifest.xml:5:22-64
12    <uses-permission android:name="android.permission.ACCESS_NETWORK_STATE" />
12-->src\main\AndroidManifest.xml:6:5-79
12-->src\main\AndroidManifest.xml:6:22-76
13    <uses-permission android:name="android.permission.WAKE_LOCK" />
13-->src\main\AndroidManifest.xml:7:5-68
13-->src\main\AndroidManifest.xml:7:22-65
14    <uses-permission android:name="android.permission.RECEIVE_BOOT_COMPLETED" />
14-->src\main\AndroidManifest.xml:8:5-81
14-->src\main\AndroidManifest.xml:8:22-78
15    <uses-permission android:name="android.permission.SCHEDULE_EXACT_ALARM" />
15-->src\main\AndroidManifest.xml:9:5-79
15-->src\main\AndroidManifest.xml:9:22-76
16    <uses-permission android:name="android.permission.SYSTEM_ALERT_WINDOW" />
16-->src\main\AndroidManifest.xml:10:5-78
16-->src\main\AndroidManifest.xml:10:22-75
17
18    <!-- Declare Leanback / TV requirements -->
19    <uses-feature
19-->src\main\AndroidManifest.xml:13:5-15:35
20        android:name="android.software.leanback"
20-->src\main\AndroidManifest.xml:14:9-49
21        android:required="true" />
21-->src\main\AndroidManifest.xml:15:9-32
22    <uses-feature
22-->src\main\AndroidManifest.xml:16:5-18:36
23        android:name="android.hardware.touchscreen"
23-->src\main\AndroidManifest.xml:17:9-52
24        android:required="false" />
24-->src\main\AndroidManifest.xml:18:9-33
25
26    <uses-permission android:name="android.permission.FOREGROUND_SERVICE" />
26-->[androidx.work:work-runtime:2.9.0] AndroidManifest.xml:26:5-77
26-->[androidx.work:work-runtime:2.9.0] AndroidManifest.xml:26:22-74
27
28    <permission
28-->[androidx.core:core:1.13.1] AndroidManifest.xml:22:5-24:47
29        android:name="com.digitalsignage.player.staging.DYNAMIC_RECEIVER_NOT_EXPORTED_PERMISSION"
29-->[androidx.core:core:1.13.1] AndroidManifest.xml:23:9-81
30        android:protectionLevel="signature" />
30-->[androidx.core:core:1.13.1] AndroidManifest.xml:24:9-44
31
32    <uses-permission android:name="com.digitalsignage.player.staging.DYNAMIC_RECEIVER_NOT_EXPORTED_PERMISSION" />
32-->[androidx.core:core:1.13.1] AndroidManifest.xml:26:5-97
32-->[androidx.core:core:1.13.1] AndroidManifest.xml:26:22-94
33
34    <application
34-->src\main\AndroidManifest.xml:20:5-88:19
35        android:name="com.digitalsignage.player.DigitalSignageApplication"
35-->src\main\AndroidManifest.xml:21:9-50
36        android:allowBackup="false"
36-->src\main\AndroidManifest.xml:22:9-36
37        android:appComponentFactory="androidx.core.app.CoreComponentFactory"
37-->[androidx.core:core:1.13.1] AndroidManifest.xml:28:18-86
38        android:dataExtractionRules="@xml/data_extraction_rules"
38-->src\main\AndroidManifest.xml:24:9-65
39        android:extractNativeLibs="false"
40        android:fullBackupContent="@xml/backup_rules"
40-->src\main\AndroidManifest.xml:25:9-54
41        android:icon="@mipmap/ic_launcher"
41-->src\main\AndroidManifest.xml:26:9-43
42        android:label="@string/app_name"
42-->src\main\AndroidManifest.xml:27:9-41
43        android:roundIcon="@mipmap/ic_launcher_round"
43-->src\main\AndroidManifest.xml:28:9-54
44        android:supportsRtl="true"
44-->src\main\AndroidManifest.xml:29:9-35
45        android:theme="@style/Theme.DigitalSignage"
45-->src\main\AndroidManifest.xml:30:9-52
46        android:usesCleartextTraffic="false" >
46-->src\main\AndroidManifest.xml:23:9-45
47        <provider
48            android:name="androidx.startup.InitializationProvider"
48-->src\main\AndroidManifest.xml:34:13-67
49            android:authorities="com.digitalsignage.player.staging.androidx-startup"
49-->src\main\AndroidManifest.xml:35:13-68
50            android:exported="false" >
50-->src\main\AndroidManifest.xml:36:13-37
51            <meta-data
51-->[androidx.emoji2:emoji2:1.3.0] AndroidManifest.xml:29:13-31:52
52                android:name="androidx.emoji2.text.EmojiCompatInitializer"
52-->[androidx.emoji2:emoji2:1.3.0] AndroidManifest.xml:30:17-75
53                android:value="androidx.startup" />
53-->[androidx.emoji2:emoji2:1.3.0] AndroidManifest.xml:31:17-49
54            <meta-data
54-->[androidx.lifecycle:lifecycle-process:2.8.2] AndroidManifest.xml:29:13-31:52
55                android:name="androidx.lifecycle.ProcessLifecycleInitializer"
55-->[androidx.lifecycle:lifecycle-process:2.8.2] AndroidManifest.xml:30:17-78
56                android:value="androidx.startup" />
56-->[androidx.lifecycle:lifecycle-process:2.8.2] AndroidManifest.xml:31:17-49
57            <meta-data
57-->[androidx.profileinstaller:profileinstaller:1.3.1] AndroidManifest.xml:29:13-31:52
58                android:name="androidx.profileinstaller.ProfileInstallerInitializer"
58-->[androidx.profileinstaller:profileinstaller:1.3.1] AndroidManifest.xml:30:17-85
59                android:value="androidx.startup" />
59-->[androidx.profileinstaller:profileinstaller:1.3.1] AndroidManifest.xml:31:17-49
60        </provider>
61
62        <receiver
62-->src\main\AndroidManifest.xml:44:9-53:20
63            android:name="com.digitalsignage.player.core.recovery.BootReceiver"
63-->src\main\AndroidManifest.xml:45:13-55
64            android:enabled="true"
64-->src\main\AndroidManifest.xml:46:13-35
65            android:exported="true" >
65-->src\main\AndroidManifest.xml:47:13-36
66            <intent-filter>
66-->src\main\AndroidManifest.xml:48:13-52:29
67                <action android:name="android.intent.action.BOOT_COMPLETED" />
67-->src\main\AndroidManifest.xml:49:17-79
67-->src\main\AndroidManifest.xml:49:25-76
68                <action android:name="android.intent.action.LOCKED_BOOT_COMPLETED" />
68-->src\main\AndroidManifest.xml:50:17-86
68-->src\main\AndroidManifest.xml:50:25-83
69                <action android:name="android.intent.action.MY_PACKAGE_REPLACED" />
69-->src\main\AndroidManifest.xml:51:17-84
69-->src\main\AndroidManifest.xml:51:25-81
70            </intent-filter>
71        </receiver>
72        <receiver
72-->src\main\AndroidManifest.xml:55:9-67:20
73            android:name="com.digitalsignage.player.core.kiosk.SignageDeviceAdminReceiver"
73-->src\main\AndroidManifest.xml:56:13-66
74            android:description="@string/app_name"
74-->src\main\AndroidManifest.xml:57:13-51
75            android:exported="true"
75-->src\main\AndroidManifest.xml:60:13-36
76            android:label="@string/app_name"
76-->src\main\AndroidManifest.xml:58:13-45
77            android:permission="android.permission.BIND_DEVICE_ADMIN" >
77-->src\main\AndroidManifest.xml:59:13-70
78            <meta-data
78-->src\main\AndroidManifest.xml:61:13-63:56
79                android:name="android.app.device_admin"
79-->src\main\AndroidManifest.xml:62:17-56
80                android:resource="@xml/device_admin" />
80-->src\main\AndroidManifest.xml:63:17-53
81
82            <intent-filter>
82-->src\main\AndroidManifest.xml:64:13-66:29
83                <action android:name="android.app.action.DEVICE_ADMIN_ENABLED" />
83-->src\main\AndroidManifest.xml:65:17-82
83-->src\main\AndroidManifest.xml:65:25-79
84            </intent-filter>
85        </receiver>
86
87        <activity
87-->src\main\AndroidManifest.xml:69:9-80:20
88            android:name="com.digitalsignage.player.ui.SplashActivity"
88-->src\main\AndroidManifest.xml:70:13-46
89            android:exported="true"
89-->src\main\AndroidManifest.xml:71:13-36
90            android:keepScreenOn="true"
90-->src\main\AndroidManifest.xml:74:13-40
91            android:screenOrientation="landscape"
91-->src\main\AndroidManifest.xml:73:13-50
92            android:theme="@style/Theme.DigitalSignage.Splash" >
92-->src\main\AndroidManifest.xml:72:13-63
93            <intent-filter>
93-->src\main\AndroidManifest.xml:75:13-79:29
94                <action android:name="android.intent.action.MAIN" />
94-->src\main\AndroidManifest.xml:76:17-69
94-->src\main\AndroidManifest.xml:76:25-66
95
96                <category android:name="android.intent.category.LEANBACK_LAUNCHER" />
96-->src\main\AndroidManifest.xml:77:17-86
96-->src\main\AndroidManifest.xml:77:27-83
97                <category android:name="android.intent.category.LAUNCHER" />
97-->src\main\AndroidManifest.xml:78:17-77
97-->src\main\AndroidManifest.xml:78:27-74
98            </intent-filter>
99        </activity>
100        <activity
100-->src\main\AndroidManifest.xml:82:9-86:43
101            android:name="com.digitalsignage.player.ui.PlaybackActivity"
101-->src\main\AndroidManifest.xml:83:13-48
102            android:exported="false"
102-->src\main\AndroidManifest.xml:84:13-37
103            android:keepScreenOn="true"
103-->src\main\AndroidManifest.xml:86:13-40
104            android:screenOrientation="landscape" />
104-->src\main\AndroidManifest.xml:85:13-50
105
106        <service
106-->[androidx.work:work-runtime:2.9.0] AndroidManifest.xml:39:9-45:35
107            android:name="androidx.work.impl.background.systemalarm.SystemAlarmService"
107-->[androidx.work:work-runtime:2.9.0] AndroidManifest.xml:40:13-88
108            android:directBootAware="false"
108-->[androidx.work:work-runtime:2.9.0] AndroidManifest.xml:41:13-44
109            android:enabled="@bool/enable_system_alarm_service_default"
109-->[androidx.work:work-runtime:2.9.0] AndroidManifest.xml:42:13-72
110            android:exported="false" />
110-->[androidx.work:work-runtime:2.9.0] AndroidManifest.xml:43:13-37
111        <service
111-->[androidx.work:work-runtime:2.9.0] AndroidManifest.xml:46:9-52:35
112            android:name="androidx.work.impl.background.systemjob.SystemJobService"
112-->[androidx.work:work-runtime:2.9.0] AndroidManifest.xml:47:13-84
113            android:directBootAware="false"
113-->[androidx.work:work-runtime:2.9.0] AndroidManifest.xml:48:13-44
114            android:enabled="@bool/enable_system_job_service_default"
114-->[androidx.work:work-runtime:2.9.0] AndroidManifest.xml:49:13-70
115            android:exported="true"
115-->[androidx.work:work-runtime:2.9.0] AndroidManifest.xml:50:13-36
116            android:permission="android.permission.BIND_JOB_SERVICE" />
116-->[androidx.work:work-runtime:2.9.0] AndroidManifest.xml:51:13-69
117        <service
117-->[androidx.work:work-runtime:2.9.0] AndroidManifest.xml:53:9-59:35
118            android:name="androidx.work.impl.foreground.SystemForegroundService"
118-->[androidx.work:work-runtime:2.9.0] AndroidManifest.xml:54:13-81
119            android:directBootAware="false"
119-->[androidx.work:work-runtime:2.9.0] AndroidManifest.xml:55:13-44
120            android:enabled="@bool/enable_system_foreground_service_default"
120-->[androidx.work:work-runtime:2.9.0] AndroidManifest.xml:56:13-77
121            android:exported="false" />
121-->[androidx.work:work-runtime:2.9.0] AndroidManifest.xml:57:13-37
122
123        <receiver
123-->[androidx.work:work-runtime:2.9.0] AndroidManifest.xml:61:9-66:35
124            android:name="androidx.work.impl.utils.ForceStopRunnable$BroadcastReceiver"
124-->[androidx.work:work-runtime:2.9.0] AndroidManifest.xml:62:13-88
125            android:directBootAware="false"
125-->[androidx.work:work-runtime:2.9.0] AndroidManifest.xml:63:13-44
126            android:enabled="true"
126-->[androidx.work:work-runtime:2.9.0] AndroidManifest.xml:64:13-35
127            android:exported="false" />
127-->[androidx.work:work-runtime:2.9.0] AndroidManifest.xml:65:13-37
128        <receiver
128-->[androidx.work:work-runtime:2.9.0] AndroidManifest.xml:67:9-77:20
129            android:name="androidx.work.impl.background.systemalarm.ConstraintProxy$BatteryChargingProxy"
129-->[androidx.work:work-runtime:2.9.0] AndroidManifest.xml:68:13-106
130            android:directBootAware="false"
130-->[androidx.work:work-runtime:2.9.0] AndroidManifest.xml:69:13-44
131            android:enabled="false"
131-->[androidx.work:work-runtime:2.9.0] AndroidManifest.xml:70:13-36
132            android:exported="false" >
132-->[androidx.work:work-runtime:2.9.0] AndroidManifest.xml:71:13-37
133            <intent-filter>
133-->[androidx.work:work-runtime:2.9.0] AndroidManifest.xml:73:13-76:29
134                <action android:name="android.intent.action.ACTION_POWER_CONNECTED" />
134-->[androidx.work:work-runtime:2.9.0] AndroidManifest.xml:74:17-87
134-->[androidx.work:work-runtime:2.9.0] AndroidManifest.xml:74:25-84
135                <action android:name="android.intent.action.ACTION_POWER_DISCONNECTED" />
135-->[androidx.work:work-runtime:2.9.0] AndroidManifest.xml:75:17-90
135-->[androidx.work:work-runtime:2.9.0] AndroidManifest.xml:75:25-87
136            </intent-filter>
137        </receiver>
138        <receiver
138-->[androidx.work:work-runtime:2.9.0] AndroidManifest.xml:78:9-88:20
139            android:name="androidx.work.impl.background.systemalarm.ConstraintProxy$BatteryNotLowProxy"
139-->[androidx.work:work-runtime:2.9.0] AndroidManifest.xml:79:13-104
140            android:directBootAware="false"
140-->[androidx.work:work-runtime:2.9.0] AndroidManifest.xml:80:13-44
141            android:enabled="false"
141-->[androidx.work:work-runtime:2.9.0] AndroidManifest.xml:81:13-36
142            android:exported="false" >
142-->[androidx.work:work-runtime:2.9.0] AndroidManifest.xml:82:13-37
143            <intent-filter>
143-->[androidx.work:work-runtime:2.9.0] AndroidManifest.xml:84:13-87:29
144                <action android:name="android.intent.action.BATTERY_OKAY" />
144-->[androidx.work:work-runtime:2.9.0] AndroidManifest.xml:85:17-77
144-->[androidx.work:work-runtime:2.9.0] AndroidManifest.xml:85:25-74
145                <action android:name="android.intent.action.BATTERY_LOW" />
145-->[androidx.work:work-runtime:2.9.0] AndroidManifest.xml:86:17-76
145-->[androidx.work:work-runtime:2.9.0] AndroidManifest.xml:86:25-73
146            </intent-filter>
147        </receiver>
148        <receiver
148-->[androidx.work:work-runtime:2.9.0] AndroidManifest.xml:89:9-99:20
149            android:name="androidx.work.impl.background.systemalarm.ConstraintProxy$StorageNotLowProxy"
149-->[androidx.work:work-runtime:2.9.0] AndroidManifest.xml:90:13-104
150            android:directBootAware="false"
150-->[androidx.work:work-runtime:2.9.0] AndroidManifest.xml:91:13-44
151            android:enabled="false"
151-->[androidx.work:work-runtime:2.9.0] AndroidManifest.xml:92:13-36
152            android:exported="false" >
152-->[androidx.work:work-runtime:2.9.0] AndroidManifest.xml:93:13-37
153            <intent-filter>
153-->[androidx.work:work-runtime:2.9.0] AndroidManifest.xml:95:13-98:29
154                <action android:name="android.intent.action.DEVICE_STORAGE_LOW" />
154-->[androidx.work:work-runtime:2.9.0] AndroidManifest.xml:96:17-83
154-->[androidx.work:work-runtime:2.9.0] AndroidManifest.xml:96:25-80
155                <action android:name="android.intent.action.DEVICE_STORAGE_OK" />
155-->[androidx.work:work-runtime:2.9.0] AndroidManifest.xml:97:17-82
155-->[androidx.work:work-runtime:2.9.0] AndroidManifest.xml:97:25-79
156            </intent-filter>
157        </receiver>
158        <receiver
158-->[androidx.work:work-runtime:2.9.0] AndroidManifest.xml:100:9-109:20
159            android:name="androidx.work.impl.background.systemalarm.ConstraintProxy$NetworkStateProxy"
159-->[androidx.work:work-runtime:2.9.0] AndroidManifest.xml:101:13-103
160            android:directBootAware="false"
160-->[androidx.work:work-runtime:2.9.0] AndroidManifest.xml:102:13-44
161            android:enabled="false"
161-->[androidx.work:work-runtime:2.9.0] AndroidManifest.xml:103:13-36
162            android:exported="false" >
162-->[androidx.work:work-runtime:2.9.0] AndroidManifest.xml:104:13-37
163            <intent-filter>
163-->[androidx.work:work-runtime:2.9.0] AndroidManifest.xml:106:13-108:29
164                <action android:name="android.net.conn.CONNECTIVITY_CHANGE" />
164-->[androidx.work:work-runtime:2.9.0] AndroidManifest.xml:107:17-79
164-->[androidx.work:work-runtime:2.9.0] AndroidManifest.xml:107:25-76
165            </intent-filter>
166        </receiver>
167        <receiver
167-->[androidx.work:work-runtime:2.9.0] AndroidManifest.xml:110:9-121:20
168            android:name="androidx.work.impl.background.systemalarm.RescheduleReceiver"
168-->[androidx.work:work-runtime:2.9.0] AndroidManifest.xml:111:13-88
169            android:directBootAware="false"
169-->[androidx.work:work-runtime:2.9.0] AndroidManifest.xml:112:13-44
170            android:enabled="false"
170-->[androidx.work:work-runtime:2.9.0] AndroidManifest.xml:113:13-36
171            android:exported="false" >
171-->[androidx.work:work-runtime:2.9.0] AndroidManifest.xml:114:13-37
172            <intent-filter>
172-->[androidx.work:work-runtime:2.9.0] AndroidManifest.xml:116:13-120:29
173                <action android:name="android.intent.action.BOOT_COMPLETED" />
173-->src\main\AndroidManifest.xml:49:17-79
173-->src\main\AndroidManifest.xml:49:25-76
174                <action android:name="android.intent.action.TIME_SET" />
174-->[androidx.work:work-runtime:2.9.0] AndroidManifest.xml:118:17-73
174-->[androidx.work:work-runtime:2.9.0] AndroidManifest.xml:118:25-70
175                <action android:name="android.intent.action.TIMEZONE_CHANGED" />
175-->[androidx.work:work-runtime:2.9.0] AndroidManifest.xml:119:17-81
175-->[androidx.work:work-runtime:2.9.0] AndroidManifest.xml:119:25-78
176            </intent-filter>
177        </receiver>
178        <receiver
178-->[androidx.work:work-runtime:2.9.0] AndroidManifest.xml:122:9-131:20
179            android:name="androidx.work.impl.background.systemalarm.ConstraintProxyUpdateReceiver"
179-->[androidx.work:work-runtime:2.9.0] AndroidManifest.xml:123:13-99
180            android:directBootAware="false"
180-->[androidx.work:work-runtime:2.9.0] AndroidManifest.xml:124:13-44
181            android:enabled="@bool/enable_system_alarm_service_default"
181-->[androidx.work:work-runtime:2.9.0] AndroidManifest.xml:125:13-72
182            android:exported="false" >
182-->[androidx.work:work-runtime:2.9.0] AndroidManifest.xml:126:13-37
183            <intent-filter>
183-->[androidx.work:work-runtime:2.9.0] AndroidManifest.xml:128:13-130:29
184                <action android:name="androidx.work.impl.background.systemalarm.UpdateProxies" />
184-->[androidx.work:work-runtime:2.9.0] AndroidManifest.xml:129:17-98
184-->[androidx.work:work-runtime:2.9.0] AndroidManifest.xml:129:25-95
185            </intent-filter>
186        </receiver>
187        <receiver
187-->[androidx.work:work-runtime:2.9.0] AndroidManifest.xml:132:9-142:20
188            android:name="androidx.work.impl.diagnostics.DiagnosticsReceiver"
188-->[androidx.work:work-runtime:2.9.0] AndroidManifest.xml:133:13-78
189            android:directBootAware="false"
189-->[androidx.work:work-runtime:2.9.0] AndroidManifest.xml:134:13-44
190            android:enabled="true"
190-->[androidx.work:work-runtime:2.9.0] AndroidManifest.xml:135:13-35
191            android:exported="true"
191-->[androidx.work:work-runtime:2.9.0] AndroidManifest.xml:136:13-36
192            android:permission="android.permission.DUMP" >
192-->[androidx.work:work-runtime:2.9.0] AndroidManifest.xml:137:13-57
193            <intent-filter>
193-->[androidx.work:work-runtime:2.9.0] AndroidManifest.xml:139:13-141:29
194                <action android:name="androidx.work.diagnostics.REQUEST_DIAGNOSTICS" />
194-->[androidx.work:work-runtime:2.9.0] AndroidManifest.xml:140:17-88
194-->[androidx.work:work-runtime:2.9.0] AndroidManifest.xml:140:25-85
195            </intent-filter>
196        </receiver>
197
198        <service
198-->[androidx.room:room-runtime:2.6.1] AndroidManifest.xml:24:9-28:63
199            android:name="androidx.room.MultiInstanceInvalidationService"
199-->[androidx.room:room-runtime:2.6.1] AndroidManifest.xml:25:13-74
200            android:directBootAware="true"
200-->[androidx.room:room-runtime:2.6.1] AndroidManifest.xml:26:13-43
201            android:exported="false" />
201-->[androidx.room:room-runtime:2.6.1] AndroidManifest.xml:27:13-37
202
203        <receiver
203-->[androidx.profileinstaller:profileinstaller:1.3.1] AndroidManifest.xml:34:9-52:20
204            android:name="androidx.profileinstaller.ProfileInstallReceiver"
204-->[androidx.profileinstaller:profileinstaller:1.3.1] AndroidManifest.xml:35:13-76
205            android:directBootAware="false"
205-->[androidx.profileinstaller:profileinstaller:1.3.1] AndroidManifest.xml:36:13-44
206            android:enabled="true"
206-->[androidx.profileinstaller:profileinstaller:1.3.1] AndroidManifest.xml:37:13-35
207            android:exported="true"
207-->[androidx.profileinstaller:profileinstaller:1.3.1] AndroidManifest.xml:38:13-36
208            android:permission="android.permission.DUMP" >
208-->[androidx.profileinstaller:profileinstaller:1.3.1] AndroidManifest.xml:39:13-57
209            <intent-filter>
209-->[androidx.profileinstaller:profileinstaller:1.3.1] AndroidManifest.xml:40:13-42:29
210                <action android:name="androidx.profileinstaller.action.INSTALL_PROFILE" />
210-->[androidx.profileinstaller:profileinstaller:1.3.1] AndroidManifest.xml:41:17-91
210-->[androidx.profileinstaller:profileinstaller:1.3.1] AndroidManifest.xml:41:25-88
211            </intent-filter>
212            <intent-filter>
212-->[androidx.profileinstaller:profileinstaller:1.3.1] AndroidManifest.xml:43:13-45:29
213                <action android:name="androidx.profileinstaller.action.SKIP_FILE" />
213-->[androidx.profileinstaller:profileinstaller:1.3.1] AndroidManifest.xml:44:17-85
213-->[androidx.profileinstaller:profileinstaller:1.3.1] AndroidManifest.xml:44:25-82
214            </intent-filter>
215            <intent-filter>
215-->[androidx.profileinstaller:profileinstaller:1.3.1] AndroidManifest.xml:46:13-48:29
216                <action android:name="androidx.profileinstaller.action.SAVE_PROFILE" />
216-->[androidx.profileinstaller:profileinstaller:1.3.1] AndroidManifest.xml:47:17-88
216-->[androidx.profileinstaller:profileinstaller:1.3.1] AndroidManifest.xml:47:25-85
217            </intent-filter>
218            <intent-filter>
218-->[androidx.profileinstaller:profileinstaller:1.3.1] AndroidManifest.xml:49:13-51:29
219                <action android:name="androidx.profileinstaller.action.BENCHMARK_OPERATION" />
219-->[androidx.profileinstaller:profileinstaller:1.3.1] AndroidManifest.xml:50:17-95
219-->[androidx.profileinstaller:profileinstaller:1.3.1] AndroidManifest.xml:50:25-92
220            </intent-filter>
221        </receiver>
222    </application>
223
224</manifest>